Reading package lists...
Building dependency tree...
Reading state information...
Reading package lists...
Building dependency tree...
Reading state information...
The following additional packages will be installed:
  bzip2 cpp cpp-11 fontconfig-config fonts-dejavu-core g++ g++-11 gcc gcc-11
  gcc-11-base golang-1.18-go golang-1.18-src golang-src libasan6 libatomic1
  libc-dev-bin libc-devtools libc6-dev libcc1-0 libcrypt-dev libdeflate0
  libdpkg-perl libfile-fcntllock-perl libfontconfig1 libfreetype6
  libgcc-11-dev libgd3 libgomp1 libisl23 libitm1 libjbig0 libjpeg-turbo8
  libjpeg8 liblsan0 libmpc3 libnsl-dev libquadmath0 libstdc++-11-dev libtiff5
  libtirpc-dev libtsan0 libubsan1 libwebp7 libxpm4 linux-libc-dev manpages-dev
  pkg-config rpcsvc-proto
Suggested packages:
  bzip2-doc cpp-doc gcc-11-locales g++-multilib g++-11-multilib gcc-11-doc
  gcc-multilib make autoconf automake libtool flex bison gdb gcc-doc
  gcc-11-multilib bzr | brz mercurial subversion glibc-doc debian-keyring bzr
  libgd-tools libstdc++-11-doc dpkg-dev
The following NEW packages will be installed:
  bzip2 cpp cpp-11 fontconfig-config fonts-dejavu-core g++ g++-11 gcc gcc-11
  gcc-11-base golang-1.18-go golang-1.18-src golang-go golang-src libasan6
  libatomic1 libc-dev-bin libc-devtools libc6-dev libcc1-0 libcrypt-dev
  libdeflate0 libdpkg-perl libfile-fcntllock-perl libfontconfig1 libfreetype6
  libgcc-11-dev libgd3 libgomp1 libisl23 libitm1 libjbig0 libjpeg-turbo8
  libjpeg8 liblsan0 libmpc3 libnsl-dev libquadmath0 libstdc++-11-dev libtiff5
  libtirpc-dev libtsan0 libubsan1 libwebp7 libxpm4 linux-libc-dev manpages-dev
  pkg-config rpcsvc-proto
0 upgraded, 49 newly installed, 0 to remove and 0 not upgraded.
Need to get 145 MB of archives.
After this operation, 640 MB of additional disk space will be used.
Do you want to continue? [Y/n] Reading package lists...
Building dependency tree...
Reading state information...
The following additional packages will be installed:
  bzip2 cpp cpp-11 fontconfig-config fonts-dejavu-core g++ g++-11 gcc gcc-11
  gcc-11-base golang-1.18-go golang-1.18-src golang-src libasan6 libatomic1
  libc-dev-bin libc-devtools libc6-dev libcc1-0 libcrypt-dev libdeflate0
  libdpkg-perl libfile-fcntllock-perl libfontconfig1 libfreetype6
  libgcc-11-dev libgd3 libgomp1 libisl23 libitm1 libjbig0 libjpeg-turbo8
  libjpeg8 liblsan0 libmpc3 libnsl-dev libquadmath0 libstdc++-11-dev libtiff5
  libtirpc-dev libtsan0 libubsan1 libwebp7 libxpm4 linux-libc-dev manpages-dev
  pkg-config rpcsvc-proto
Suggested packages:
  bzip2-doc cpp-doc gcc-11-locales g++-multilib g++-11-multilib gcc-11-doc
  gcc-multilib make autoconf automake libtool flex bison gdb gcc-doc
  gcc-11-multilib bzr | brz mercurial subversion glibc-doc debian-keyring bzr
  libgd-tools libstdc++-11-doc dpkg-dev
The following NEW packages will be installed:
  bzip2 cpp cpp-11 fontconfig-config fonts-dejavu-core g++ g++-11 gcc gcc-11
  gcc-11-base golang-1.18-go golang-1.18-src golang-go golang-src libasan6
  libatomic1 libc-dev-bin libc-devtools libc6-dev libcc1-0 libcrypt-dev
  libdeflate0 libdpkg-perl libfile-fcntllock-perl libfontconfig1 libfreetype6
  libgcc-11-dev libgd3 libgomp1 libisl23 libitm1 libjbig0 libjpeg-turbo8
  libjpeg8 liblsan0 libmpc3 libnsl-dev libquadmath0 libstdc++-11-dev libtiff5
  libtirpc-dev libtsan0 libubsan1 libwebp7 libxpm4 linux-libc-dev manpages-dev
  pkg-config rpcsvc-proto
0 upgraded, 49 newly installed, 0 to remove and 0 not upgraded.
Need to get 145 MB of archives.
After this operation, 640 MB of additional disk space will be used.
Do you want to continue? [Y/n] Waiting for cache lock: Could not get lock /var/lib/dpkg/lock-frontend. It is held by process 16371 (apt)...
Waiting for cache lock: Could not get lock /var/lib/dpkg/lock-frontend. It is held by process 16371 (apt)...
Waiting for cache lock: Could not get lock /var/lib/dpkg/lock-frontend. It is held by process 16371 (apt)...
Waiting for cache lock: Could not get lock /var/lib/dpkg/lock-frontend. It is held by process 16371 (apt)...
Waiting for cache lock: Could not get lock /var/lib/dpkg/lock-frontend. It is held by process 16371 (apt)...
Waiting for cache lock: Could not get lock /var/lib/dpkg/lock-frontend. It is held by process 16371 (apt)...
Waiting for cache lock: Could not get lock /var/lib/dpkg/lock-frontend. It is held by process 16371 (apt)...
Waiting for cache lock: Could not get lock /var/lib/dpkg/lock-frontend. It is held by process 16371 (apt)...
Waiting for cache lock: Could not get lock /var/lib/dpkg/lock-frontend. It is held by process 16371 (apt)...
Waiting for cache lock: Could not get lock /var/lib/dpkg/lock-frontend. It is held by process 16371 (apt)...
Waiting for cache lock: Could not get lock /var/lib/dpkg/lock-frontend. It is held by process 16371 (apt)...
Waiting for cache lock: Could not get lock /var/lib/dpkg/lock-frontend. It is held by process 16371 (apt)...
Waiting for cache lock: Could not get lock /var/lib/dpkg/lock-frontend. It is held by process 16371 (apt)...
Waiting for cache lock: Could not get lock /var/lib/dpkg/lock-frontend. It is held by process 16371 (apt)...
Waiting for cache lock: Could not get lock /var/lib/dpkg/lock-frontend. It is held by process 16371 (apt)...
Waiting for cache lock: Could not get lock /var/lib/dpkg/lock-frontend. It is held by process 16371 (apt)...
Waiting for cache lock: Could not get lock /var/lib/dpkg/lock-frontend. It is held by process 16371 (apt)...
Waiting for cache lock: Could not get lock /var/lib/dpkg/lock-frontend. It is held by process 16371 (apt)...
Waiting for cache lock: Could not get lock /var/lib/dpkg/lock-frontend. It is held by process 16371 (apt)...
Waiting for cache lock: Could not get lock /var/lib/dpkg/lock-frontend. It is held by process 16371 (apt)...
Waiting for cache lock: Could not get lock /var/lib/dpkg/lock-frontend. It is held by process 16371 (apt)...
Waiting for cache lock: Could not get lock /var/lib/dpkg/lock-frontend. It is held by process 16371 (apt)...
Waiting for cache lock: Could not get lock /var/lib/dpkg/lock-frontend. It is held by process 16371 (apt)...
Waiting for cache lock: Could not get lock /var/lib/dpkg/lock-frontend. It is held by process 16371 (apt)...
Waiting for cache lock: Could not get lock /var/lib/dpkg/lock-frontend. It is held by process 16371 (apt)...
Waiting for cache lock: Could not get lock /var/lib/dpkg/lock-frontend. It is held by process 16371 (apt)...
Waiting for cache lock: Could not get lock /var/lib/dpkg/lock-frontend. It is held by process 16371 (apt)...
Waiting for cache lock: Could not get lock /var/lib/dpkg/lock-frontend. It is held by process 16371 (apt)...
Waiting for cache lock: Could not get lock /var/lib/dpkg/lock-frontend. It is held by process 16371 (apt)...
Waiting for cache lock: Could not get lock /var/lib/dpkg/lock-frontend. It is held by process 16371 (apt)...
Waiting for cache lock: Could not get lock /var/lib/dpkg/lock-frontend. It is held by process 16371 (apt)...
Waiting for cache lock: Could not get lock /var/lib/dpkg/lock-frontend. It is held by process 16371 (apt)...
Waiting for cache lock: Could not get lock /var/lib/dpkg/lock-frontend. It is held by process 16371 (apt)...
Waiting for cache lock: Could not get lock /var/lib/dpkg/lock-frontend. It is held by process 16371 (apt)...
Waiting for cache lock: Could not get lock /var/lib/dpkg/lock-frontend. It is held by process 16371 (apt)...
Waiting for cache lock: Could not get lock /var/lib/dpkg/lock-frontend. It is held by process 16371 (apt)...
Waiting for cache lock: Could not get lock /var/lib/dpkg/lock-frontend. It is held by process 16371 (apt)...
Waiting for cache lock: Could not get lock /var/lib/dpkg/lock-frontend. It is held by process 16371 (apt)...
Waiting for cache lock: Could not get lock /var/lib/dpkg/lock-frontend. It is held by process 16371 (apt)...
Waiting for cache lock: Could not get lock /var/lib/dpkg/lock-frontend. It is held by process 16371 (apt)...
Waiting for cache lock: Could not get lock /var/lib/dpkg/lock-frontend. It is held by process 16371 (apt)...
Waiting for cache lock: Could not get lock /var/lib/dpkg/lock-frontend. It is held by process 16371 (apt)...
Waiting for cache lock: Could not get lock /var/lib/dpkg/lock-frontend. It is held by process 16371 (apt)...
Waiting for cache lock: Could not get lock /var/lib/dpkg/lock-frontend. It is held by process 16371 (apt)...
Waiting for cache lock: Could not get lock /var/lib/dpkg/lock-frontend. It is held by process 16371 (apt)...
Waiting for cache lock: Could not get lock /var/lib/dpkg/lock-frontend. It is held by process 16371 (apt)...
Waiting for cache lock: Could not get lock /var/lib/dpkg/lock-frontend. It is held by process 16371 (apt)...
Waiting for cache lock: Could not get lock /var/lib/dpkg/lock-frontend. It is held by process 16371 (apt)...
Waiting for cache lock: Could not get lock /var/lib/dpkg/lock-frontend. It is held by process 16371 (apt)...
Waiting for cache lock: Could not get lock /var/lib/dpkg/lock-frontend. It is held by process 16371 (apt)...
Waiting for cache lock: Could not get lock /var/lib/dpkg/lock-frontend. It is held by process 16371 (apt)...
Waiting for cache lock: Could not get lock /var/lib/dpkg/lock-frontend. It is held by process 16371 (apt)...
Waiting for cache lock: Could not get lock /var/lib/dpkg/lock-frontend. It is held by process 16371 (apt)...
Waiting for cache lock: Could not get lock /var/lib/dpkg/lock-frontend. It is held by process 16371 (apt)...
Waiting for cache lock: Could not get lock /var/lib/dpkg/lock-frontend. It is held by process 16371 (apt)...
Waiting for cache lock: Could not get lock /var/lib/dpkg/lock-frontend. It is held by process 16371 (apt)...
Waiting for cache lock: Could not get lock /var/lib/dpkg/lock-frontend. It is held by process 16371 (apt)...
Waiting for cache lock: Could not get lock /var/lib/dpkg/lock-frontend. It is held by process 16371 (apt)...
Waiting for cache lock: Could not get lock /var/lib/dpkg/lock-frontend. It is held by process 16371 (apt)...